[debug] [2023-02-15T19:40:10.999Z] ----------------------------------------------------------------------
[debug] [2023-02-15T19:40:11.001Z] Command:       C:\Program Files\nodejs\node.exe C:\Users\ch1nn\AppData\Roaming\npm\node_modules\firebase-tools\lib\bin\firebase.js init
[debug] [2023-02-15T19:40:11.002Z] CLI Version:   11.22.0
[debug] [2023-02-15T19:40:11.002Z] Platform:      win32
[debug] [2023-02-15T19:40:11.002Z] Node Version:  v19.2.0
[debug] [2023-02-15T19:40:11.002Z] Time:          Thu Feb 16 2023 02:40:11 GMT+0700 (Giờ Đông Dương)
[debug] [2023-02-15T19:40:11.002Z] ----------------------------------------------------------------------
[debug] 
[debug] [2023-02-15T19:40:11.009Z] > command requires scopes: ["email","openid","https://www.googleapis.com/auth/cloudplatformprojects.readonly","https://www.googleapis.com/auth/firebase","https://www.googleapis.com/auth/cloud-platform"]
[debug] [2023-02-15T19:40:11.009Z] > authorizing via signed-in user (sanogaku31@gmail.com)
[info] 
     ######## #### ########  ######## ########     ###     ######  ########
     ##        ##  ##     ## ##       ##     ##  ##   ##  ##       ##
     ######    ##  ########  ######   ########  #########  ######  ######
     ##        ##  ##    ##  ##       ##     ## ##     ##       ## ##
     ##       #### ##     ## ######## ########  ##     ##  ######  ########

You're about to initialize a Firebase project in this directory:

  C:\Users\ch1nn\Documents\code\react\file\my-chat

[info] 
=== Project Setup
[info] 
[info] First, let's associate this project directory with a Firebase project.
[info] You can create multiple project aliases by running firebase use --add, 
[info] but for now we'll just set up a default project.
[info] 
[debug] [2023-02-15T19:40:47.053Z] > refreshing access token with scopes: []
[debug] [2023-02-15T19:40:47.055Z] >>> [apiv2][query] POST https://www.googleapis.com/oauth2/v3/token [none]
[debug] [2023-02-15T19:40:47.055Z] >>> [apiv2][body] POST https://www.googleapis.com/oauth2/v3/token [omitted]
[debug] [2023-02-15T19:40:47.420Z] <<< [apiv2][status] POST https://www.googleapis.com/oauth2/v3/token 200
[debug] [2023-02-15T19:40:47.420Z] <<< [apiv2][body] POST https://www.googleapis.com/oauth2/v3/token [omitted]
[debug] [2023-02-15T19:40:47.428Z] >>> [apiv2][query] GET https://firebase.googleapis.com/v1beta1/projects pageSize=100
[debug] [2023-02-15T19:40:48.185Z] <<< [apiv2][status] GET https://firebase.googleapis.com/v1beta1/projects 200
[debug] [2023-02-15T19:40:48.185Z] <<< [apiv2][body] GET https://firebase.googleapis.com/v1beta1/projects [omitted]
